<?xml version="1.0" encoding="UTF-8"?>
<testng-results ignored="0" total="7" passed="6" failed="1" skipped="0">
  <reporter-output>
  </reporter-output>
  <suite started-at="2022-08-01T12:31:11 EDT" name="Surefire suite" finished-at="2022-08-01T12:31:12 EDT" duration-ms="945">
    <groups>
    </groups>
    <test started-at="2022-08-01T12:31:11 EDT" name="Surefire test" finished-at="2022-08-01T12:31:12 EDT" duration-ms="945">
      <class name="testCases.LoginPageTest">
        <test-method signature="loginWithInvalidPassword()[pri:0, instance:testCases.LoginPageTest@78b1cc93]" started-at="2022-08-01T12:31:11 EDT" name="loginWithInvalidPassword" finished-at="2022-08-01T12:31:11 EDT" duration-ms="1" status="PASS">
          <reporter-output>
          </reporter-output>
        </test-method> <!-- loginWithInvalidPassword -->
        <test-method signature="loginWithInvalidUserName()[pri:0, instance:testCases.LoginPageTest@78b1cc93]" started-at="2022-08-01T12:31:11 EDT" name="loginWithInvalidUserName" finished-at="2022-08-01T12:31:11 EDT" duration-ms="0" status="PASS">
          <reporter-output>
          </reporter-output>
        </test-method> <!-- loginWithInvalidUserName -->
        <test-method signature="loginWithValidCreadintial()[pri:0, instance:testCases.LoginPageTest@78b1cc93]" started-at="2022-08-01T12:31:11 EDT" name="loginWithValidCreadintial" finished-at="2022-08-01T12:31:11 EDT" duration-ms="0" status="PASS">
          <reporter-output>
          </reporter-output>
        </test-method> <!-- loginWithValidCreadintial -->
      </class> <!-- testCases.LoginPageTest -->
      <class name="testCases.MobilePageTest">
        <test-method is-config="true" signature="setup()[pri:0, instance:testCases.MobilePageTest@501edcf1]" started-at="2022-08-01T12:31:06 EDT" name="setup" finished-at="2022-08-01T12:31:11 EDT" duration-ms="4816" status="PASS">
          <reporter-output>
          </reporter-output>
        </test-method> <!-- setup -->
        <test-method signature="verificationOfDisplay()[pri:0, instance:testCases.MobilePageTest@501edcf1]" started-at="2022-08-01T12:31:11 EDT" name="verificationOfDisplay" finished-at="2022-08-01T12:31:11 EDT" duration-ms="0" status="PASS">
          <reporter-output>
          </reporter-output>
        </test-method> <!-- verificationOfDisplay -->
        <test-method signature="verificationOfMemory()[pri:0, instance:testCases.MobilePageTest@501edcf1]" started-at="2022-08-01T12:31:11 EDT" name="verificationOfMemory" finished-at="2022-08-01T12:31:11 EDT" duration-ms="0" status="PASS">
          <reporter-output>
          </reporter-output>
        </test-method> <!-- verificationOfMemory -->
        <test-method signature="verificationOfVersion()[pri:0, instance:testCases.MobilePageTest@501edcf1]" started-at="2022-08-01T12:31:11 EDT" name="verificationOfVersion" finished-at="2022-08-01T12:31:11 EDT" duration-ms="0" status="PASS">
          <reporter-output>
          </reporter-output>
        </test-method> <!-- verificationOfVersion -->
        <test-method signature="withInvalidUserName()[pri:0, instance:testCases.MobilePageTest@501edcf1]" started-at="2022-08-01T12:31:11 EDT" name="withInvalidUserName" finished-at="2022-08-01T12:31:12 EDT" duration-ms="917" status="FAIL">
          <exception class="java.lang.AssertionError">
            <message>
              <![CDATA[expected [jan] but found [OrangeHRM]]]>
            </message>
            <full-stacktrace>
              <![CDATA[java.lang.AssertionError: expected [jan] but found [OrangeHRM]
at org.testng.Assert.fail(Assert.java:110)
at org.testng.Assert.failNotEquals(Assert.java:1413)
at org.testng.Assert.assertEqualsImpl(Assert.java:149)
at org.testng.Assert.assertEquals(Assert.java:131)
at org.testng.Assert.assertEquals(Assert.java:655)
at org.testng.Assert.assertEquals(Assert.java:665)
at testCases.MobilePageTest.withInvalidUserName(MobilePageTest.java:32)
at java.base/jdk.internal.reflect.NativeMethodAccessorImpl.invoke0(Native Method)
at java.base/jdk.internal.reflect.NativeMethodAccessorImpl.invoke(NativeMethodAccessorImpl.java:64)
at java.base/jdk.internal.reflect.DelegatingMethodAccessorImpl.invoke(DelegatingMethodAccessorImpl.java:43)
at java.base/java.lang.reflect.Method.invoke(Method.java:564)
at org.testng.internal.invokers.MethodInvocationHelper.invokeMethod(MethodInvocationHelper.java:135)
at org.testng.internal.invokers.TestInvoker.invokeMethod(TestInvoker.java:673)
at org.testng.internal.invokers.TestInvoker.invokeTestMethod(TestInvoker.java:220)
at org.testng.internal.invokers.MethodRunner.runInSequence(MethodRunner.java:50)
at org.testng.internal.invokers.TestInvoker$MethodInvocationAgent.invoke(TestInvoker.java:945)
at org.testng.internal.invokers.TestInvoker.invokeTestMethods(TestInvoker.java:193)
at org.testng.internal.invokers.TestMethodWorker.invokeTestMethods(TestMethodWorker.java:146)
at org.testng.internal.invokers.TestMethodWorker.run(TestMethodWorker.java:128)
at java.base/java.util.ArrayList.forEach(ArrayList.java:1511)
at org.testng.TestRunner.privateRun(TestRunner.java:808)
at org.testng.TestRunner.run(TestRunner.java:603)
at org.testng.SuiteRunner.runTest(SuiteRunner.java:429)
at org.testng.SuiteRunner.runSequentially(SuiteRunner.java:423)
at org.testng.SuiteRunner.privateRun(SuiteRunner.java:383)
at org.testng.SuiteRunner.run(SuiteRunner.java:326)
at org.testng.SuiteRunnerWorker.runSuite(SuiteRunnerWorker.java:52)
at org.testng.SuiteRunnerWorker.run(SuiteRunnerWorker.java:95)
at org.testng.TestNG.runSuitesSequentially(TestNG.java:1249)
at org.testng.TestNG.runSuitesLocally(TestNG.java:1169)
at org.testng.TestNG.runSuites(TestNG.java:1092)
at org.testng.TestNG.run(TestNG.java:1060)
at org.apache.maven.surefire.testng.TestNGExecutor.run(TestNGExecutor.java:135)
at org.apache.maven.surefire.testng.TestNGDirectoryTestSuite.executeMulti(TestNGDirectoryTestSuite.java:193)
at org.apache.maven.surefire.testng.TestNGDirectoryTestSuite.execute(TestNGDirectoryTestSuite.java:94)
at org.apache.maven.surefire.testng.TestNGProvider.invoke(TestNGProvider.java:146)
at org.apache.maven.surefire.booter.ForkedBooter.runSuitesInProcess(ForkedBooter.java:377)
at org.apache.maven.surefire.booter.ForkedBooter.execute(ForkedBooter.java:138)
at org.apache.maven.surefire.booter.ForkedBooter.run(ForkedBooter.java:465)
at org.apache.maven.surefire.booter.ForkedBooter.main(ForkedBooter.java:451)
]]>
            </full-stacktrace>
          </exception> <!-- java.lang.AssertionError -->
          <reporter-output>
          </reporter-output>
        </test-method> <!-- withInvalidUserName -->
      </class> <!-- testCases.MobilePageTest -->
    </test> <!-- Surefire test -->
  </suite> <!-- Surefire suite -->
</testng-results>
